<?xml version="1.0" encoding="UTF-8"?>
<!-- Generated by org.testng.reporters.JUnitReportReporter -->
<testsuite hostname="DESKTOP-F8G0RV6" name="testcases.TC_001" tests="1" failures="0" timestamp="23 Oct 2016 08:37:36 GMT" time="19.952" errors="0">
  <testcase name="tCase1" time="19.952" classname="testcases.TC_001"/>
</testsuite> <!-- testcases.TC_001 -->
