<?xml version="1.0" encoding="UTF-8"?>
<!-- Generated by org.testng.reporters.JUnitReportReporter -->
<testsuite hostname="DESKTOP-F8G0RV6" name="testcases.TC_002" tests="1" failures="0" timestamp="19 Nov 2016 11:08:48 GMT" time="31.840" errors="0">
  <testcase name="tCase1" time="31.840" classname="testcases.TC_002"/>
</testsuite> <!-- testcases.TC_002 -->
