<?xml version="1.0" encoding="UTF-8"?>
<!-- Generated by org.testng.reporters.JUnitReportReporter -->
<testsuite hostname="DESKTOP-F8G0RV6" name="testcases.TC_001" tests="4" failures="0" timestamp="19 Nov 2016 10:53:52 GMT" time="58.305" errors="0">
  <testcase name="tCase1" time="9.428" classname="testcases.TC_001"/>
  <testcase name="tCase1" time="26.835" classname="testcases.TC_001"/>
  <testcase name="tCase1" time="11.705" classname="testcases.TC_001"/>
  <testcase name="tCase1" time="10.337" classname="testcases.TC_001"/>
</testsuite> <!-- testcases.TC_001 -->
